2021/01/16 16:35:04 main.go:16: test
2021/01/16 16:50:57 base.go:23: sql: unknown driver "splite3" (forgotten import?)
2021/01/16 16:51:30 base.go:23: sql: unknown driver "splite3" (forgotten import?)
2021/01/16 16:53:09 base.go:23: sql: unknown driver "splite3" (forgotten import?)
2021/01/16 16:53:57 base.go:24: sql: unknown driver "splite3" (forgotten import?)
2021/01/16 16:55:31 base.go:23: sql: unknown driver "splite3" (forgotten import?)
2021/01/16 17:46:18 base.go:25: sql: unknown driver "sqlite3" (forgotten import?)
2021/01/17 11:52:26 server.go:3061: http: panic serving [::1]:49933: runtime error: invalid memory address or nil pointer dereference
goroutine 8 [running]:
net/http.(*conn).serve.func1(0xc0001134a0)
	/usr/local/Cellar/go/1.14.2/libexec/src/net/http/server.go:1772 +0x139
panic(0x4522260, 0x48ffef0)
	/usr/local/Cellar/go/1.14.2/libexec/src/runtime/panic.go:975 +0x3e3
html/template.(*Template).escape(0x0, 0x0, 0x0)
	/usr/local/Cellar/go/1.14.2/libexec/src/html/template/template.go:95 +0x3b
html/template.(*Template).Execute(0x0, 0x4629360, 0xc0001661c0, 0x0, 0x0, 0x46294a0, 0xc00007b770)
	/usr/local/Cellar/go/1.14.2/libexec/src/html/template/template.go:119 +0x2f
_/Users/shotatogawa/udemy/go/todo/app/controllers.top(0x4630a20, 0xc0001661c0, 0xc000158100)
	/Users/shotatogawa/udemy/go/todo/app/controllers/route_main.go:10 +0xbf
net/http.HandlerFunc.ServeHTTP(0x45b0d48, 0x4630a20, 0xc0001661c0, 0xc000158100)
	/usr/local/Cellar/go/1.14.2/libexec/src/net/http/server.go:2012 +0x44
net/http.(*ServeMux).ServeHTTP(0x49126a0, 0x4630a20, 0xc0001661c0, 0xc000158100)
	/usr/local/Cellar/go/1.14.2/libexec/src/net/http/server.go:2387 +0x1a5
net/http.serverHandler.ServeHTTP(0xc000166000, 0x4630a20, 0xc0001661c0, 0xc000158100)
	/usr/local/Cellar/go/1.14.2/libexec/src/net/http/server.go:2807 +0xa3
net/http.(*conn).serve(0xc0001134a0, 0x46315a0, 0xc00006a580)
	/usr/local/Cellar/go/1.14.2/libexec/src/net/http/server.go:1895 +0x86c
created by net/http.(*Server).Serve
	/usr/local/Cellar/go/1.14.2/libexec/src/net/http/server.go:2933 +0x35c
2021/01/17 11:52:27 server.go:3061: http: panic serving [::1]:49934: runtime error: invalid memory address or nil pointer dereference
goroutine 18 [running]:
net/http.(*conn).serve.func1(0xc00009a000)
	/usr/local/Cellar/go/1.14.2/libexec/src/net/http/server.go:1772 +0x139
panic(0x4522260, 0x48ffef0)
	/usr/local/Cellar/go/1.14.2/libexec/src/runtime/panic.go:975 +0x3e3
html/template.(*Template).escape(0x0, 0x0, 0x0)
	/usr/local/Cellar/go/1.14.2/libexec/src/html/template/template.go:95 +0x3b
html/template.(*Template).Execute(0x0, 0x4629360, 0xc0000b8000, 0x0, 0x0, 0x46294a0, 0xc000096180)
	/usr/local/Cellar/go/1.14.2/libexec/src/html/template/template.go:119 +0x2f
_/Users/shotatogawa/udemy/go/todo/app/controllers.top(0x4630a20, 0xc0000b8000, 0xc0000a4000)
	/Users/shotatogawa/udemy/go/todo/app/controllers/route_main.go:10 +0xbf
net/http.HandlerFunc.ServeHTTP(0x45b0d48, 0x4630a20, 0xc0000b8000, 0xc0000a4000)
	/usr/local/Cellar/go/1.14.2/libexec/src/net/http/server.go:2012 +0x44
net/http.(*ServeMux).ServeHTTP(0x49126a0, 0x4630a20, 0xc0000b8000, 0xc0000a4000)
	/usr/local/Cellar/go/1.14.2/libexec/src/net/http/server.go:2387 +0x1a5
net/http.serverHandler.ServeHTTP(0xc000166000, 0x4630a20, 0xc0000b8000, 0xc0000a4000)
	/usr/local/Cellar/go/1.14.2/libexec/src/net/http/server.go:2807 +0xa3
net/http.(*conn).serve(0xc00009a000, 0x46315a0, 0xc00009e000)
	/usr/local/Cellar/go/1.14.2/libexec/src/net/http/server.go:1895 +0x86c
created by net/http.(*Server).Serve
	/usr/local/Cellar/go/1.14.2/libexec/src/net/http/server.go:2933 +0x35c
2021/01/17 11:53:55 server.go:3061: http: panic serving [::1]:49944: runtime error: invalid memory address or nil pointer dereference
goroutine 34 [running]:
net/http.(*conn).serve.func1(0xc000192000)
	/usr/local/Cellar/go/1.14.2/libexec/src/net/http/server.go:1772 +0x139
panic(0x4522260, 0x48ffef0)
	/usr/local/Cellar/go/1.14.2/libexec/src/runtime/panic.go:975 +0x3e3
html/template.(*Template).escape(0x0, 0x0, 0x0)
	/usr/local/Cellar/go/1.14.2/libexec/src/html/template/template.go:95 +0x3b
html/template.(*Template).Execute(0x0, 0x4629360, 0xc0001b4000, 0x0, 0x0, 0x46294a0, 0xc00018e180)
	/usr/local/Cellar/go/1.14.2/libexec/src/html/template/template.go:119 +0x2f
_/Users/shotatogawa/udemy/go/todo/app/controllers.top(0x4630a20, 0xc0001b4000, 0xc00019e000)
	/Users/shotatogawa/udemy/go/todo/app/controllers/route_main.go:10 +0xbf
net/http.HandlerFunc.ServeHTTP(0x45b0d48, 0x4630a20, 0xc0001b4000, 0xc00019e000)
	/usr/local/Cellar/go/1.14.2/libexec/src/net/http/server.go:2012 +0x44
net/http.(*ServeMux).ServeHTTP(0x49126a0, 0x4630a20, 0xc0001b4000, 0xc00019e000)
	/usr/local/Cellar/go/1.14.2/libexec/src/net/http/server.go:2387 +0x1a5
net/http.serverHandler.ServeHTTP(0xc000166000, 0x4630a20, 0xc0001b4000, 0xc00019e000)
	/usr/local/Cellar/go/1.14.2/libexec/src/net/http/server.go:2807 +0xa3
net/http.(*conn).serve(0xc000192000, 0x46315a0, 0xc000198000)
	/usr/local/Cellar/go/1.14.2/libexec/src/net/http/server.go:1895 +0x86c
created by net/http.(*Server).Serve
	/usr/local/Cellar/go/1.14.2/libexec/src/net/http/server.go:2933 +0x35c
2021/01/17 11:53:56 server.go:3061: http: panic serving [::1]:49945: runtime error: invalid memory address or nil pointer dereference
goroutine 10 [running]:
net/http.(*conn).serve.func1(0xc000113540)
	/usr/local/Cellar/go/1.14.2/libexec/src/net/http/server.go:1772 +0x139
panic(0x4522260, 0x48ffef0)
	/usr/local/Cellar/go/1.14.2/libexec/src/runtime/panic.go:975 +0x3e3
html/template.(*Template).escape(0x0, 0x0, 0x0)
	/usr/local/Cellar/go/1.14.2/libexec/src/html/template/template.go:95 +0x3b
html/template.(*Template).Execute(0x0, 0x4629360, 0xc0001662a0, 0x0, 0x0, 0x46294a0, 0xc00007b8f0)
	/usr/local/Cellar/go/1.14.2/libexec/src/html/template/template.go:119 +0x2f
_/Users/shotatogawa/udemy/go/todo/app/controllers.top(0x4630a20, 0xc0001662a0, 0xc000158200)
	/Users/shotatogawa/udemy/go/todo/app/controllers/route_main.go:10 +0xbf
net/http.HandlerFunc.ServeHTTP(0x45b0d48, 0x4630a20, 0xc0001662a0, 0xc000158200)
	/usr/local/Cellar/go/1.14.2/libexec/src/net/http/server.go:2012 +0x44
net/http.(*ServeMux).ServeHTTP(0x49126a0, 0x4630a20, 0xc0001662a0, 0xc000158200)
	/usr/local/Cellar/go/1.14.2/libexec/src/net/http/server.go:2387 +0x1a5
net/http.serverHandler.ServeHTTP(0xc000166000, 0x4630a20, 0xc0001662a0, 0xc000158200)
	/usr/local/Cellar/go/1.14.2/libexec/src/net/http/server.go:2807 +0xa3
net/http.(*conn).serve(0xc000113540, 0x46315a0, 0xc00006a700)
	/usr/local/Cellar/go/1.14.2/libexec/src/net/http/server.go:1895 +0x86c
created by net/http.(*Server).Serve
	/usr/local/Cellar/go/1.14.2/libexec/src/net/http/server.go:2933 +0x35c
2021/01/17 11:54:01 server.go:3061: http: panic serving [::1]:49946: runtime error: invalid memory address or nil pointer dereference
goroutine 20 [running]:
net/http.(*conn).serve.func1(0xc00009a0a0)
	/usr/local/Cellar/go/1.14.2/libexec/src/net/http/server.go:1772 +0x139
panic(0x4522260, 0x48ffef0)
	/usr/local/Cellar/go/1.14.2/libexec/src/runtime/panic.go:975 +0x3e3
html/template.(*Template).escape(0x0, 0x0, 0x0)
	/usr/local/Cellar/go/1.14.2/libexec/src/html/template/template.go:95 +0x3b
html/template.(*Template).Execute(0x0, 0x4629360, 0xc0000b80e0, 0x0, 0x0, 0x46294a0, 0xc000096300)
	/usr/local/Cellar/go/1.14.2/libexec/src/html/template/template.go:119 +0x2f
_/Users/shotatogawa/udemy/go/todo/app/controllers.top(0x4630a20, 0xc0000b80e0, 0xc0000a4100)
	/Users/shotatogawa/udemy/go/todo/app/controllers/route_main.go:10 +0xbf
net/http.HandlerFunc.ServeHTTP(0x45b0d48, 0x4630a20, 0xc0000b80e0, 0xc0000a4100)
	/usr/local/Cellar/go/1.14.2/libexec/src/net/http/server.go:2012 +0x44
net/http.(*ServeMux).ServeHTTP(0x49126a0, 0x4630a20, 0xc0000b80e0, 0xc0000a4100)
	/usr/local/Cellar/go/1.14.2/libexec/src/net/http/server.go:2387 +0x1a5
net/http.serverHandler.ServeHTTP(0xc000166000, 0x4630a20, 0xc0000b80e0, 0xc0000a4100)
	/usr/local/Cellar/go/1.14.2/libexec/src/net/http/server.go:2807 +0xa3
net/http.(*conn).serve(0xc00009a0a0, 0x46315a0, 0xc00009e140)
	/usr/local/Cellar/go/1.14.2/libexec/src/net/http/server.go:1895 +0x86c
created by net/http.(*Server).Serve
	/usr/local/Cellar/go/1.14.2/libexec/src/net/http/server.go:2933 +0x35c
2021/01/17 11:55:22 server.go:3061: http: panic serving [::1]:50020: runtime error: invalid memory address or nil pointer dereference
goroutine 8 [running]:
net/http.(*conn).serve.func1(0xc000109540)
	/usr/local/Cellar/go/1.14.2/libexec/src/net/http/server.go:1772 +0x139
panic(0x4522260, 0x48ffef0)
	/usr/local/Cellar/go/1.14.2/libexec/src/runtime/panic.go:975 +0x3e3
html/template.(*Template).escape(0x0, 0x0, 0x0)
	/usr/local/Cellar/go/1.14.2/libexec/src/html/template/template.go:95 +0x3b
html/template.(*Template).Execute(0x0, 0x4629360, 0xc00015e0e0, 0x0, 0x0, 0x46294a0, 0xc000079770)
	/usr/local/Cellar/go/1.14.2/libexec/src/html/template/template.go:119 +0x2f
_/Users/shotatogawa/udemy/go/todo/app/controllers.top(0x4630a20, 0xc00015e0e0, 0xc000150100)
	/Users/shotatogawa/udemy/go/todo/app/controllers/route_main.go:10 +0xbf
net/http.HandlerFunc.ServeHTTP(0x45b0d48, 0x4630a20, 0xc00015e0e0, 0xc000150100)
	/usr/local/Cellar/go/1.14.2/libexec/src/net/http/server.go:2012 +0x44
net/http.(*ServeMux).ServeHTTP(0x49126a0, 0x4630a20, 0xc00015e0e0, 0xc000150100)
	/usr/local/Cellar/go/1.14.2/libexec/src/net/http/server.go:2387 +0x1a5
net/http.serverHandler.ServeHTTP(0xc00015e000, 0x4630a20, 0xc00015e0e0, 0xc000150100)
	/usr/local/Cellar/go/1.14.2/libexec/src/net/http/server.go:2807 +0xa3
net/http.(*conn).serve(0xc000109540, 0x46315a0, 0xc00006a580)
	/usr/local/Cellar/go/1.14.2/libexec/src/net/http/server.go:1895 +0x86c
created by net/http.(*Server).Serve
	/usr/local/Cellar/go/1.14.2/libexec/src/net/http/server.go:2933 +0x35c
2021/01/17 11:55:23 server.go:3061: http: panic serving [::1]:50025: runtime error: invalid memory address or nil pointer dereference
goroutine 10 [running]:
net/http.(*conn).serve.func1(0xc0001095e0)
	/usr/local/Cellar/go/1.14.2/libexec/src/net/http/server.go:1772 +0x139
panic(0x4522260, 0x48ffef0)
	/usr/local/Cellar/go/1.14.2/libexec/src/runtime/panic.go:975 +0x3e3
html/template.(*Template).escape(0x0, 0x0, 0x0)
	/usr/local/Cellar/go/1.14.2/libexec/src/html/template/template.go:95 +0x3b
html/template.(*Template).Execute(0x0, 0x4629360, 0xc0001a2000, 0x0, 0x0, 0x46294a0, 0xc00018c090)
	/usr/local/Cellar/go/1.14.2/libexec/src/html/template/template.go:119 +0x2f
_/Users/shotatogawa/udemy/go/todo/app/controllers.top(0x4630a20, 0xc0001a2000, 0xc000150200)
	/Users/shotatogawa/udemy/go/todo/app/controllers/route_main.go:10 +0xbf
net/http.HandlerFunc.ServeHTTP(0x45b0d48, 0x4630a20, 0xc0001a2000, 0xc000150200)
	/usr/local/Cellar/go/1.14.2/libexec/src/net/http/server.go:2012 +0x44
net/http.(*ServeMux).ServeHTTP(0x49126a0, 0x4630a20, 0xc0001a2000, 0xc000150200)
	/usr/local/Cellar/go/1.14.2/libexec/src/net/http/server.go:2387 +0x1a5
net/http.serverHandler.ServeHTTP(0xc00015e000, 0x4630a20, 0xc0001a2000, 0xc000150200)
	/usr/local/Cellar/go/1.14.2/libexec/src/net/http/server.go:2807 +0xa3
net/http.(*conn).serve(0xc0001095e0, 0x46315a0, 0xc00006a700)
	/usr/local/Cellar/go/1.14.2/libexec/src/net/http/server.go:1895 +0x86c
created by net/http.(*Server).Serve
	/usr/local/Cellar/go/1.14.2/libexec/src/net/http/server.go:2933 +0x35c
2021/01/17 11:55:28 server.go:3061: http: panic serving [::1]:50046: runtime error: invalid memory address or nil pointer dereference
goroutine 34 [running]:
net/http.(*conn).serve.func1(0xc0000aa000)
	/usr/local/Cellar/go/1.14.2/libexec/src/net/http/server.go:1772 +0x139
panic(0x4522260, 0x48ffef0)
	/usr/local/Cellar/go/1.14.2/libexec/src/runtime/panic.go:975 +0x3e3
html/template.(*Template).escape(0x0, 0x0, 0x0)
	/usr/local/Cellar/go/1.14.2/libexec/src/html/template/template.go:95 +0x3b
html/template.(*Template).Execute(0x0, 0x4629360, 0xc00015e1c0, 0x0, 0x0, 0x46294a0, 0xc0000798f0)
	/usr/local/Cellar/go/1.14.2/libexec/src/html/template/template.go:119 +0x2f
_/Users/shotatogawa/udemy/go/todo/app/controllers.top(0x4630a20, 0xc00015e1c0, 0xc0000b4000)
	/Users/shotatogawa/udemy/go/todo/app/controllers/route_main.go:10 +0xbf
net/http.HandlerFunc.ServeHTTP(0x45b0d48, 0x4630a20, 0xc00015e1c0, 0xc0000b4000)
	/usr/local/Cellar/go/1.14.2/libexec/src/net/http/server.go:2012 +0x44
net/http.(*ServeMux).ServeHTTP(0x49126a0, 0x4630a20, 0xc00015e1c0, 0xc0000b4000)
	/usr/local/Cellar/go/1.14.2/libexec/src/net/http/server.go:2387 +0x1a5
net/http.serverHandler.ServeHTTP(0xc00015e000, 0x4630a20, 0xc00015e1c0, 0xc0000b4000)
	/usr/local/Cellar/go/1.14.2/libexec/src/net/http/server.go:2807 +0xa3
net/http.(*conn).serve(0xc0000aa000, 0x46315a0, 0xc0000ae000)
	/usr/local/Cellar/go/1.14.2/libexec/src/net/http/server.go:1895 +0x86c
created by net/http.(*Server).Serve
	/usr/local/Cellar/go/1.14.2/libexec/src/net/http/server.go:2933 +0x35c
2021/01/17 11:55:58 server.go:3061: http: panic serving [::1]:50168: runtime error: invalid memory address or nil pointer dereference
goroutine 12 [running]:
net/http.(*conn).serve.func1(0xc000109680)
	/usr/local/Cellar/go/1.14.2/libexec/src/net/http/server.go:1772 +0x139
panic(0x4522260, 0x48ffef0)
	/usr/local/Cellar/go/1.14.2/libexec/src/runtime/panic.go:975 +0x3e3
html/template.(*Template).escape(0x0, 0x0, 0x0)
	/usr/local/Cellar/go/1.14.2/libexec/src/html/template/template.go:95 +0x3b
html/template.(*Template).Execute(0x0, 0x4629360, 0xc0000c8000, 0x0, 0x0, 0x46294a0, 0xc0000a6180)
	/usr/local/Cellar/go/1.14.2/libexec/src/html/template/template.go:119 +0x2f
_/Users/shotatogawa/udemy/go/todo/app/controllers.top(0x4630a20, 0xc0000c8000, 0xc000150300)
	/Users/shotatogawa/udemy/go/todo/app/controllers/route_main.go:10 +0xbf
net/http.HandlerFunc.ServeHTTP(0x45b0d48, 0x4630a20, 0xc0000c8000, 0xc000150300)
	/usr/local/Cellar/go/1.14.2/libexec/src/net/http/server.go:2012 +0x44
net/http.(*ServeMux).ServeHTTP(0x49126a0, 0x4630a20, 0xc0000c8000, 0xc000150300)
	/usr/local/Cellar/go/1.14.2/libexec/src/net/http/server.go:2387 +0x1a5
net/http.serverHandler.ServeHTTP(0xc00015e000, 0x4630a20, 0xc0000c8000, 0xc000150300)
	/usr/local/Cellar/go/1.14.2/libexec/src/net/http/server.go:2807 +0xa3
net/http.(*conn).serve(0xc000109680, 0x46315a0, 0xc00006a7c0)
	/usr/local/Cellar/go/1.14.2/libexec/src/net/http/server.go:1895 +0x86c
created by net/http.(*Server).Serve
	/usr/local/Cellar/go/1.14.2/libexec/src/net/http/server.go:2933 +0x35c
2021/01/17 12:10:56 route_main.go:12: template: top.html:1: unexpected "}}" in define clause
2021/01/17 12:15:17 server.go:3061: http: panic serving [::1]:55164: open app/views/templates/layout: no such file or directory
goroutine 21 [running]:
net/http.(*conn).serve.func1(0xc0001334a0)
	/usr/local/Cellar/go/1.14.2/libexec/src/net/http/server.go:1772 +0x139
panic(0x4539760, 0xc0001157a0)
	/usr/local/Cellar/go/1.14.2/libexec/src/runtime/panic.go:975 +0x3e3
html/template.Must(...)
	/usr/local/Cellar/go/1.14.2/libexec/src/html/template/template.go:372
_/Users/shotatogawa/udemy/go/todo/app/controllers.generateHTML(0x463eba0, 0xc00018c0e0, 0x45077e0, 0x462c980, 0xc000052b30, 0x2, 0x2)
	/Users/shotatogawa/udemy/go/todo/app/controllers/server.go:16 +0x2b8
_/Users/shotatogawa/udemy/go/todo/app/controllers.top(0x463eba0, 0xc00018c0e0, 0xc00017e100)
	/Users/shotatogawa/udemy/go/todo/app/controllers/route_main.go:8 +0xa4
net/http.HandlerFunc.ServeHTTP(0x45bd6e0, 0x463eba0, 0xc00018c0e0, 0xc00017e100)
	/usr/local/Cellar/go/1.14.2/libexec/src/net/http/server.go:2012 +0x44
net/http.(*ServeMux).ServeHTTP(0x49266c0, 0x463eba0, 0xc00018c0e0, 0xc00017e100)
	/usr/local/Cellar/go/1.14.2/libexec/src/net/http/server.go:2387 +0x1a5
net/http.serverHandler.ServeHTTP(0xc00018c000, 0x463eba0, 0xc00018c0e0, 0xc00017e100)
	/usr/local/Cellar/go/1.14.2/libexec/src/net/http/server.go:2807 +0xa3
net/http.(*conn).serve(0xc0001334a0, 0x463f720, 0xc000148580)
	/usr/local/Cellar/go/1.14.2/libexec/src/net/http/server.go:1895 +0x86c
created by net/http.(*Server).Serve
	/usr/local/Cellar/go/1.14.2/libexec/src/net/http/server.go:2933 +0x35c
2021/01/17 12:15:18 server.go:3061: http: panic serving [::1]:55170: open app/views/templates/layout: no such file or directory
goroutine 23 [running]:
net/http.(*conn).serve.func1(0xc000133540)
	/usr/local/Cellar/go/1.14.2/libexec/src/net/http/server.go:1772 +0x139
panic(0x4539760, 0xc000115920)
	/usr/local/Cellar/go/1.14.2/libexec/src/runtime/panic.go:975 +0x3e3
html/template.Must(...)
	/usr/local/Cellar/go/1.14.2/libexec/src/html/template/template.go:372
_/Users/shotatogawa/udemy/go/todo/app/controllers.generateHTML(0x463eba0, 0xc00018c1c0, 0x45077e0, 0x462c980, 0xc000052b30, 0x2, 0x2)
	/Users/shotatogawa/udemy/go/todo/app/controllers/server.go:16 +0x2b8
_/Users/shotatogawa/udemy/go/todo/app/controllers.top(0x463eba0, 0xc00018c1c0, 0xc00017e200)
	/Users/shotatogawa/udemy/go/todo/app/controllers/route_main.go:8 +0xa4
net/http.HandlerFunc.ServeHTTP(0x45bd6e0, 0x463eba0, 0xc00018c1c0, 0xc00017e200)
	/usr/local/Cellar/go/1.14.2/libexec/src/net/http/server.go:2012 +0x44
net/http.(*ServeMux).ServeHTTP(0x49266c0, 0x463eba0, 0xc00018c1c0, 0xc00017e200)
	/usr/local/Cellar/go/1.14.2/libexec/src/net/http/server.go:2387 +0x1a5
net/http.serverHandler.ServeHTTP(0xc00018c000, 0x463eba0, 0xc00018c1c0, 0xc00017e200)
	/usr/local/Cellar/go/1.14.2/libexec/src/net/http/server.go:2807 +0xa3
net/http.(*conn).serve(0xc000133540, 0x463f720, 0xc000148700)
	/usr/local/Cellar/go/1.14.2/libexec/src/net/http/server.go:1895 +0x86c
created by net/http.(*Server).Serve
	/usr/local/Cellar/go/1.14.2/libexec/src/net/http/server.go:2933 +0x35c
